<?xml version="1.0" encoding="UTF-8"?>
<!-- Generated by org.testng.reporters.JUnitReportReporter -->
<testsuite hostname="LAPTOP-4ID84RT6" failures="0" tests="1" name="pom.LoginTest" time="12.763" errors="0" timestamp="2024-08-25T12:31:05 IST" skipped="0">
  <testcase classname="pom.LoginTest" name="orangeHRMLogin" time="12.763"/>
</testsuite> <!-- pom.LoginTest -->
